Started GET "/" for 127.0.0.1 at 2018-07-01 15:03:15 +0900
Started GET "/" for 127.0.0.1 at 2018-07-01 15:03:15 +0900
Processing by HomeController#index as HTML
Processing by HomeController#index as HTML
  Rendering home/index.html.erb within layouts/application
  Rendering home/index.html.erb within layouts/application
  Rendered home/index.html.erb within layouts/application (27.9ms)
  Rendered home/index.html.erb within layouts/application (4.2ms)
Completed 200 OK in 4439ms (Views: 4393.5ms | ActiveRecord: 0.0ms)


Completed 200 OK in 4535ms (Views: 4487.1ms | ActiveRecord: 0.0ms)


Started GET "/" for 127.0.0.1 at 2018-07-01 15:25:52 +0900
Processing by HomeController#index as HTML
  Rendering home/index.html.erb within layouts/application
  Rendered home/index.html.erb within layouts/application (0.8ms)
Completed 200 OK in 99ms (Views: 89.4ms | ActiveRecord: 0.0ms)


Started GET "/" for 127.0.0.1 at 2018-07-01 15:26:36 +0900
Processing by HomeController#index as HTML
  Rendering home/index.html.erb within layouts/application
  Rendered home/index.html.erb within layouts/application (0.6ms)
Completed 200 OK in 175ms (Views: 165.0ms | ActiveRecord: 0.0ms)


Started GET "/" for 127.0.0.1 at 2018-07-01 15:28:21 +0900
Processing by HomeController#index as HTML
  Rendering home/index.html.erb within layouts/application
  Rendered home/index.html.erb within layouts/application (0.4ms)
Completed 200 OK in 81ms (Views: 63.0ms | ActiveRecord: 0.0ms)


Started GET "/" for 127.0.0.1 at 2018-07-01 15:29:04 +0900
Processing by HomeController#index as HTML
  Rendering home/index.html.erb within layouts/application
  Rendered home/index.html.erb within layouts/application (0.8ms)
Completed 200 OK in 74ms (Views: 63.7ms | ActiveRecord: 0.0ms)


Started GET "/" for 127.0.0.1 at 2018-07-01 15:29:22 +0900
Processing by HomeController#index as HTML
  Rendering home/index.html.erb within layouts/application
  Rendered home/index.html.erb within layouts/application (0.8ms)
Completed 200 OK in 84ms (Views: 74.7ms | ActiveRecord: 0.0ms)


Started GET "/" for 127.0.0.1 at 2018-07-01 15:29:25 +0900
Processing by HomeController#index as HTML
  Rendering home/index.html.erb within layouts/application
  Rendered home/index.html.erb within layouts/application (0.7ms)
Completed 200 OK in 88ms (Views: 77.3ms | ActiveRecord: 0.0ms)


Started GET "/" for 127.0.0.1 at 2018-07-01 15:29:40 +0900
Processing by HomeController#index as HTML
  Rendering home/index.html.erb within layouts/application
  Rendered home/index.html.erb within layouts/application (2.0ms)
Completed 200 OK in 83ms (Views: 73.8ms | ActiveRecord: 0.0ms)


Started GET "/" for 127.0.0.1 at 2018-07-01 15:29:42 +0900
Processing by HomeController#index as HTML
  Rendering home/index.html.erb within layouts/application
  Rendered home/index.html.erb within layouts/application (0.6ms)
Completed 200 OK in 91ms (Views: 81.9ms | ActiveRecord: 0.0ms)


Started GET "/" for 127.0.0.1 at 2018-07-01 15:36:29 +0900
Processing by HomeController#index as HTML
  Rendering home/index.html.erb within layouts/application
  Rendered home/index.html.erb within layouts/application (0.7ms)
Completed 200 OK in 84ms (Views: 75.9ms | ActiveRecord: 0.0ms)


Started GET "/" for 127.0.0.1 at 2018-07-01 15:36:32 +0900
Processing by HomeController#index as HTML
  Rendering home/index.html.erb within layouts/application
  Rendered home/index.html.erb within layouts/application (0.6ms)
Completed 200 OK in 85ms (Views: 75.8ms | ActiveRecord: 0.0ms)


Started GET "/" for 127.0.0.1 at 2018-07-01 15:36:33 +0900
Processing by HomeController#index as HTML
  Rendering home/index.html.erb within layouts/application
  Rendered home/index.html.erb within layouts/application (0.6ms)
Completed 200 OK in 81ms (Views: 71.9ms | ActiveRecord: 0.0ms)


Started GET "/" for 127.0.0.1 at 2018-07-01 15:36:35 +0900
Processing by HomeController#index as HTML
  Rendering home/index.html.erb within layouts/application
  Rendered home/index.html.erb within layouts/application (0.8ms)
Completed 200 OK in 91ms (Views: 81.3ms | ActiveRecord: 0.0ms)


Started GET "/" for 127.0.0.1 at 2018-07-01 15:36:56 +0900
Processing by HomeController#index as HTML
  Rendering home/index.html.erb within layouts/application
  Rendered home/index.html.erb within layouts/application (0.4ms)
Completed 200 OK in 110ms (Views: 98.8ms | ActiveRecord: 0.0ms)


Started GET "/" for 127.0.0.1 at 2018-07-01 15:36:58 +0900
Processing by HomeController#index as HTML
  Rendering home/index.html.erb within layouts/application
  Rendered home/index.html.erb within layouts/application (0.5ms)
Completed 200 OK in 95ms (Views: 84.7ms | ActiveRecord: 0.0ms)


Started GET "/" for 127.0.0.1 at 2018-07-01 15:41:51 +0900
Processing by HomeController#index as HTML
  Rendering home/index.html.erb within layouts/application
  Rendered home/index.html.erb within layouts/application (0.8ms)
Completed 200 OK in 110ms (Views: 97.2ms | ActiveRecord: 0.0ms)


Started GET "/about" for 127.0.0.1 at 2018-07-01 15:41:53 +0900
  
ActionController::RoutingError (No route matches [GET] "/about"):
  
actionpack (5.0.7) lib/action_dispatch/middleware/debug_exceptions.rb:53:in `call'
web-console (3.6.2) lib/web_console/middleware.rb:135:in `call_app'
web-console (3.6.2) lib/web_console/middleware.rb:30:in `block in call'
web-console (3.6.2) lib/web_console/middleware.rb:20:in `catch'
web-console (3.6.2) lib/web_console/middleware.rb:20:in `call'
actionpack (5.0.7) lib/action_dispatch/middleware/show_exceptions.rb:31:in `call'
railties (5.0.7) lib/rails/rack/logger.rb:36:in `call_app'
railties (5.0.7) lib/rails/rack/logger.rb:24:in `block in call'
activesupport (5.0.7) lib/active_support/tagged_logging.rb:69:in `block in tagged'
activesupport (5.0.7) lib/active_support/tagged_logging.rb:26:in `tagged'
activesupport (5.0.7) lib/active_support/tagged_logging.rb:69:in `tagged'
railties (5.0.7) lib/rails/rack/logger.rb:24:in `call'
sprockets-rails (3.2.1) lib/sprockets/rails/quiet_assets.rb:13:in `call'
actionpack (5.0.7) lib/action_dispatch/middleware/request_id.rb:24:in `call'
rack (2.0.5) lib/rack/method_override.rb:22:in `call'
rack (2.0.5) lib/rack/runtime.rb:22:in `call'
activesupport (5.0.7) lib/active_support/cache/strategy/local_cache_middleware.rb:28:in `call'
actionpack (5.0.7) lib/action_dispatch/middleware/executor.rb:12:in `call'
actionpack (5.0.7) lib/action_dispatch/middleware/static.rb:136:in `call'
rack (2.0.5) lib/rack/sendfile.rb:111:in `call'
railties (5.0.7) lib/rails/engine.rb:522:in `call'
puma (3.11.4) lib/puma/configuration.rb:225:in `call'
puma (3.11.4) lib/puma/server.rb:632:in `handle_request'
puma (3.11.4) lib/puma/server.rb:446:in `process_client'
puma (3.11.4) lib/puma/server.rb:306:in `block in run'
puma (3.11.4) lib/puma/thread_pool.rb:120:in `block in spawn_thread'
  Rendering /home/hyezzi/.rbenv/versions/2.4.0/lib/ruby/gems/2.4.0/gems/actionpack-5.0.7/lib/action_dispatch/middleware/templates/rescues/routing_error.html.erb within rescues/layout
  Rendering /home/hyezzi/.rbenv/versions/2.4.0/lib/ruby/gems/2.4.0/gems/actionpack-5.0.7/lib/action_dispatch/middleware/templates/rescues/_trace.html.erb
  Rendered /home/hyezzi/.rbenv/versions/2.4.0/lib/ruby/gems/2.4.0/gems/actionpack-5.0.7/lib/action_dispatch/middleware/templates/rescues/_trace.html.erb (1.2ms)
  Rendered collection of /home/hyezzi/.rbenv/versions/2.4.0/lib/ruby/gems/2.4.0/gems/actionpack-5.0.7/lib/action_dispatch/middleware/templates/routes/_route.html.erb [2 times] (17.4ms)
  Rendered /home/hyezzi/.rbenv/versions/2.4.0/lib/ruby/gems/2.4.0/gems/actionpack-5.0.7/lib/action_dispatch/middleware/templates/routes/_table.html.erb (57.1ms)
  Rendering /home/hyezzi/.rbenv/versions/2.4.0/lib/ruby/gems/2.4.0/gems/actionpack-5.0.7/lib/action_dispatch/middleware/templates/rescues/_request_and_response.html.erb
  Rendered /home/hyezzi/.rbenv/versions/2.4.0/lib/ruby/gems/2.4.0/gems/actionpack-5.0.7/lib/action_dispatch/middleware/templates/rescues/_request_and_response.html.erb (1.0ms)
  Rendered /home/hyezzi/.rbenv/versions/2.4.0/lib/ruby/gems/2.4.0/gems/actionpack-5.0.7/lib/action_dispatch/middleware/templates/rescues/routing_error.html.erb within rescues/layout (363.3ms)
Started GET "/" for 127.0.0.1 at 2018-07-01 15:41:56 +0900
Processing by HomeController#index as HTML
  Rendering home/index.html.erb within layouts/application
  Rendered home/index.html.erb within layouts/application (0.7ms)
Completed 200 OK in 108ms (Views: 94.9ms | ActiveRecord: 0.0ms)


Started GET "/" for 127.0.0.1 at 2018-07-01 15:46:36 +0900
Processing by HomeController#index as HTML
  Rendering home/index.html.erb within layouts/application
  Rendered home/index.html.erb within layouts/application (21.1ms)
Completed 200 OK in 758ms (Views: 724.6ms | ActiveRecord: 0.0ms)


Started GET "/home/index" for 127.0.0.1 at 2018-07-01 15:46:39 +0900
Processing by HomeController#index as HTML
  Rendering home/index.html.erb within layouts/application
  Rendered home/index.html.erb within layouts/application (1.2ms)
Completed 200 OK in 74ms (Views: 63.3ms | ActiveRecord: 0.0ms)


Started GET "/home/index" for 127.0.0.1 at 2018-07-01 15:46:42 +0900
Processing by HomeController#index as HTML
  Rendering home/index.html.erb within layouts/application
  Rendered home/index.html.erb within layouts/application (0.9ms)
Completed 200 OK in 74ms (Views: 65.5ms | ActiveRecord: 0.0ms)


Started GET "/" for 127.0.0.1 at 2018-07-01 15:46:50 +0900
Processing by HomeController#index as HTML
  Rendering home/index.html.erb within layouts/application
  Rendered home/index.html.erb within layouts/application (1.3ms)
Completed 200 OK in 87ms (Views: 76.4ms | ActiveRecord: 0.0ms)


Started GET "/home/index" for 127.0.0.1 at 2018-07-01 15:46:52 +0900
Processing by HomeController#index as HTML
  Rendering home/index.html.erb within layouts/application
  Rendered home/index.html.erb within layouts/application (1.0ms)
Completed 200 OK in 81ms (Views: 71.5ms | ActiveRecord: 0.0ms)


Started GET "/home/index" for 127.0.0.1 at 2018-07-01 15:46:55 +0900
Processing by HomeController#index as HTML
  Rendering home/index.html.erb within layouts/application
  Rendered home/index.html.erb within layouts/application (1.9ms)
Completed 200 OK in 78ms (Views: 69.0ms | ActiveRecord: 0.0ms)


Started GET "/" for 127.0.0.1 at 2018-07-01 15:47:36 +0900
Processing by HomeController#index as HTML
  Rendering home/index.html.erb within layouts/application
  Rendered home/index.html.erb within layouts/application (0.8ms)
Completed 200 OK in 81ms (Views: 69.9ms | ActiveRecord: 0.0ms)


Started GET "/home/index" for 127.0.0.1 at 2018-07-01 15:47:38 +0900
Processing by HomeController#index as HTML
  Rendering home/index.html.erb within layouts/application
  Rendered home/index.html.erb within layouts/application (1.0ms)
Completed 200 OK in 82ms (Views: 68.1ms | ActiveRecord: 0.0ms)


Started GET "/" for 127.0.0.1 at 2018-07-01 15:47:40 +0900
Processing by HomeController#index as HTML
  Rendering home/index.html.erb within layouts/application
  Rendered home/index.html.erb within layouts/application (2.1ms)
Completed 200 OK in 76ms (Views: 66.2ms | ActiveRecord: 0.0ms)


Started GET "/" for 127.0.0.1 at 2018-07-01 15:47:44 +0900
Processing by HomeController#index as HTML
  Rendering home/index.html.erb within layouts/application
  Rendered home/index.html.erb within layouts/application (0.9ms)
Completed 200 OK in 87ms (Views: 78.3ms | ActiveRecord: 0.0ms)


Started GET "/" for 127.0.0.1 at 2018-07-03 16:54:13 +0900
Processing by HomeController#index as HTML
  Rendering home/index.html.erb within layouts/application
  Rendered home/index.html.erb within layouts/application (26.8ms)
Completed 200 OK in 914ms (Views: 878.8ms | ActiveRecord: 0.0ms)


Started GET "/" for 127.0.0.1 at 2018-07-03 16:54:46 +0900
Processing by HomeController#index as HTML
  Rendering home/index.html.erb within layouts/application
  Rendered home/index.html.erb within layouts/application (1.5ms)
Completed 200 OK in 101ms (Views: 86.3ms | ActiveRecord: 0.0ms)


Started GET "/home/index" for 127.0.0.1 at 2018-07-03 16:54:49 +0900
Processing by HomeController#index as HTML
  Rendering home/index.html.erb within layouts/application
  Rendered home/index.html.erb within layouts/application (1.1ms)
Completed 200 OK in 92ms (Views: 77.7ms | ActiveRecord: 0.0ms)


Started GET "/home/index" for 127.0.0.1 at 2018-07-03 16:54:51 +0900
Processing by HomeController#index as HTML
  Rendering home/index.html.erb within layouts/application
  Rendered home/index.html.erb within layouts/application (1.0ms)
Completed 200 OK in 97ms (Views: 85.1ms | ActiveRecord: 0.0ms)


Started GET "/home/index" for 127.0.0.1 at 2018-07-03 16:54:53 +0900
Processing by HomeController#index as HTML
  Rendering home/index.html.erb within layouts/application
  Rendered home/index.html.erb within layouts/application (1.1ms)
Completed 200 OK in 110ms (Views: 94.4ms | ActiveRecord: 0.0ms)


Started GET "/home/index" for 127.0.0.1 at 2018-07-03 16:54:54 +0900
Processing by HomeController#index as HTML
  Rendering home/index.html.erb within layouts/application
  Rendered home/index.html.erb within layouts/application (0.8ms)
Completed 200 OK in 90ms (Views: 77.0ms | ActiveRecord: 0.0ms)


Started GET "/home/index" for 127.0.0.1 at 2018-07-03 16:54:54 +0900
Processing by HomeController#index as HTML
  Rendering home/index.html.erb within layouts/application
  Rendered home/index.html.erb within layouts/application (0.9ms)
Completed 200 OK in 96ms (Views: 82.4ms | ActiveRecord: 0.0ms)


Started GET "/home/index" for 127.0.0.1 at 2018-07-03 16:55:07 +0900
Processing by HomeController#index as HTML
  Rendering home/index.html.erb within layouts/application
  Rendered home/index.html.erb within layouts/application (1.0ms)
Completed 200 OK in 165ms (Views: 155.9ms | ActiveRecord: 0.0ms)


Started GET "/home/index" for 127.0.0.1 at 2018-07-03 16:55:11 +0900
Processing by HomeController#index as HTML
  Rendering home/index.html.erb within layouts/application
  Rendered home/index.html.erb within layouts/application (2.3ms)
Completed 200 OK in 96ms (Views: 85.1ms | ActiveRecord: 0.0ms)


Started GET "/home/index" for 127.0.0.1 at 2018-07-03 16:55:20 +0900
Processing by HomeController#index as HTML
  Rendering home/index.html.erb within layouts/application
  Rendered home/index.html.erb within layouts/application (1.1ms)
Completed 200 OK in 90ms (Views: 80.4ms | ActiveRecord: 0.0ms)


Started GET "/home/index" for 127.0.0.1 at 2018-07-03 16:55:23 +0900
Processing by HomeController#index as HTML
  Rendering home/index.html.erb within layouts/application
  Rendered home/index.html.erb within layouts/application (1.0ms)
Completed 200 OK in 88ms (Views: 75.8ms | ActiveRecord: 0.0ms)


Started GET "/home/index" for 127.0.0.1 at 2018-07-03 16:55:48 +0900
Processing by HomeController#index as HTML
  Rendering home/index.html.erb within layouts/application
  Rendered home/index.html.erb within layouts/application (0.9ms)
Completed 200 OK in 157ms (Views: 149.0ms | ActiveRecord: 0.0ms)


Started GET "/home/index" for 127.0.0.1 at 2018-07-03 16:55:52 +0900
Processing by HomeController#index as HTML
  Rendering home/index.html.erb within layouts/application
  Rendered home/index.html.erb within layouts/application (0.8ms)
Completed 200 OK in 97ms (Views: 85.0ms | ActiveRecord: 0.0ms)


Started GET "/home" for 127.0.0.1 at 2018-07-03 16:55:56 +0900
  
ActionController::RoutingError (No route matches [GET] "/home"):
  
actionpack (5.0.7) lib/action_dispatch/middleware/debug_exceptions.rb:53:in `call'
web-console (3.6.2) lib/web_console/middleware.rb:135:in `call_app'
web-console (3.6.2) lib/web_console/middleware.rb:30:in `block in call'
web-console (3.6.2) lib/web_console/middleware.rb:20:in `catch'
web-console (3.6.2) lib/web_console/middleware.rb:20:in `call'
actionpack (5.0.7) lib/action_dispatch/middleware/show_exceptions.rb:31:in `call'
railties (5.0.7) lib/rails/rack/logger.rb:36:in `call_app'
railties (5.0.7) lib/rails/rack/logger.rb:24:in `block in call'
activesupport (5.0.7) lib/active_support/tagged_logging.rb:69:in `block in tagged'
activesupport (5.0.7) lib/active_support/tagged_logging.rb:26:in `tagged'
activesupport (5.0.7) lib/active_support/tagged_logging.rb:69:in `tagged'
railties (5.0.7) lib/rails/rack/logger.rb:24:in `call'
sprockets-rails (3.2.1) lib/sprockets/rails/quiet_assets.rb:13:in `call'
actionpack (5.0.7) lib/action_dispatch/middleware/request_id.rb:24:in `call'
rack (2.0.5) lib/rack/method_override.rb:22:in `call'
rack (2.0.5) lib/rack/runtime.rb:22:in `call'
activesupport (5.0.7) lib/active_support/cache/strategy/local_cache_middleware.rb:28:in `call'
actionpack (5.0.7) lib/action_dispatch/middleware/executor.rb:12:in `call'
actionpack (5.0.7) lib/action_dispatch/middleware/static.rb:136:in `call'
rack (2.0.5) lib/rack/sendfile.rb:111:in `call'
railties (5.0.7) lib/rails/engine.rb:522:in `call'
puma (3.11.4) lib/puma/configuration.rb:225:in `call'
puma (3.11.4) lib/puma/server.rb:632:in `handle_request'
puma (3.11.4) lib/puma/server.rb:446:in `process_client'
puma (3.11.4) lib/puma/server.rb:306:in `block in run'
puma (3.11.4) lib/puma/thread_pool.rb:120:in `block in spawn_thread'
  Rendering /home/hyezzi/.rbenv/versions/2.4.0/lib/ruby/gems/2.4.0/gems/actionpack-5.0.7/lib/action_dispatch/middleware/templates/rescues/routing_error.html.erb within rescues/layout
  Rendering /home/hyezzi/.rbenv/versions/2.4.0/lib/ruby/gems/2.4.0/gems/actionpack-5.0.7/lib/action_dispatch/middleware/templates/rescues/_trace.html.erb
  Rendered /home/hyezzi/.rbenv/versions/2.4.0/lib/ruby/gems/2.4.0/gems/actionpack-5.0.7/lib/action_dispatch/middleware/templates/rescues/_trace.html.erb (1.9ms)
  Rendered collection of /home/hyezzi/.rbenv/versions/2.4.0/lib/ruby/gems/2.4.0/gems/actionpack-5.0.7/lib/action_dispatch/middleware/templates/routes/_route.html.erb [2 times] (43.4ms)
  Rendered /home/hyezzi/.rbenv/versions/2.4.0/lib/ruby/gems/2.4.0/gems/actionpack-5.0.7/lib/action_dispatch/middleware/templates/routes/_table.html.erb (65.6ms)
  Rendering /home/hyezzi/.rbenv/versions/2.4.0/lib/ruby/gems/2.4.0/gems/actionpack-5.0.7/lib/action_dispatch/middleware/templates/rescues/_request_and_response.html.erb
  Rendered /home/hyezzi/.rbenv/versions/2.4.0/lib/ruby/gems/2.4.0/gems/actionpack-5.0.7/lib/action_dispatch/middleware/templates/rescues/_request_and_response.html.erb (1.1ms)
  Rendered /home/hyezzi/.rbenv/versions/2.4.0/lib/ruby/gems/2.4.0/gems/actionpack-5.0.7/lib/action_dispatch/middleware/templates/rescues/routing_error.html.erb within rescues/layout (368.2ms)
Started GET "/" for 127.0.0.1 at 2018-07-03 16:56:01 +0900
Processing by HomeController#index as HTML
  Rendering home/index.html.erb within layouts/application
  Rendered home/index.html.erb within layouts/application (0.7ms)
Completed 200 OK in 88ms (Views: 78.5ms | ActiveRecord: 0.0ms)


Started GET "/" for 127.0.0.1 at 2018-07-03 16:56:04 +0900
Processing by HomeController#index as HTML
  Rendering home/index.html.erb within layouts/application
  Rendered home/index.html.erb within layouts/application (0.7ms)
Completed 200 OK in 91ms (Views: 77.3ms | ActiveRecord: 0.0ms)


Started GET "/" for 127.0.0.1 at 2018-07-03 16:56:31 +0900
Processing by HomeController#index as HTML
  Rendering home/index.html.erb within layouts/application
  Rendered home/index.html.erb within layouts/application (1.0ms)
Completed 200 OK in 99ms (Views: 89.4ms | ActiveRecord: 0.0ms)


Started GET "/" for 127.0.0.1 at 2018-07-08 00:35:12 +0900
Processing by HomeController#index as HTML
  Rendering home/index.html.erb within layouts/application
  Rendered home/index.html.erb within layouts/application (42.1ms)
Completed 200 OK in 1490ms (Views: 1426.7ms | ActiveRecord: 0.0ms)


Started GET "/" for 127.0.0.1 at 2018-07-08 11:40:11 +0900
Processing by HomeController#index as HTML
  Rendering home/index.html.erb within layouts/application
  Rendered home/index.html.erb within layouts/application (24.4ms)
Completed 200 OK in 17427ms (Views: 17358.1ms | ActiveRecord: 0.0ms)


Started GET "/" for 127.0.0.1 at 2018-07-08 11:41:02 +0900
Processing by HomeController#index as HTML
  Rendering home/index.html.erb within layouts/application
  Rendered home/index.html.erb within layouts/application (0.7ms)
Completed 200 OK in 164ms (Views: 149.5ms | ActiveRecord: 0.0ms)


Started GET "/" for 127.0.0.1 at 2018-07-08 11:41:54 +0900
Processing by HomeController#index as HTML
  Rendering home/index.html.erb within layouts/application
  Rendered home/index.html.erb within layouts/application (0.5ms)
Completed 200 OK in 142ms (Views: 119.0ms | ActiveRecord: 0.0ms)


Started GET "/" for 127.0.0.1 at 2018-07-08 11:42:11 +0900
Processing by HomeController#index as HTML
  Rendering home/index.html.erb within layouts/application
  Rendered home/index.html.erb within layouts/application (0.8ms)
Completed 200 OK in 241ms (Views: 202.3ms | ActiveRecord: 0.0ms)


Started GET "/" for 127.0.0.1 at 2018-07-08 11:42:35 +0900
Processing by HomeController#index as HTML
  Rendering home/index.html.erb within layouts/application
  Rendered home/index.html.erb within layouts/application (0.9ms)
Completed 200 OK in 260ms (Views: 215.5ms | ActiveRecord: 0.0ms)


Started GET "/" for 127.0.0.1 at 2018-07-08 11:43:03 +0900
Processing by HomeController#index as HTML
  Rendering home/index.html.erb within layouts/application
  Rendered home/index.html.erb within layouts/application (0.9ms)
Completed 200 OK in 167ms (Views: 154.9ms | ActiveRecord: 0.0ms)


Started GET "/" for 127.0.0.1 at 2018-07-08 11:46:58 +0900
Processing by HomeController#index as HTML
  Rendering home/index.html.erb within layouts/application
  Rendered home/index.html.erb within layouts/application (0.9ms)
Completed 200 OK in 178ms (Views: 151.7ms | ActiveRecord: 0.0ms)


Started GET "/" for 127.0.0.1 at 2018-07-08 11:48:03 +0900
Processing by HomeController#index as HTML
  Rendering home/index.html.erb within layouts/application
  Rendered home/index.html.erb within layouts/application (0.6ms)
Completed 200 OK in 5249ms (Views: 5234.9ms | ActiveRecord: 0.0ms)


Started GET "/" for 127.0.0.1 at 2018-07-08 11:48:21 +0900
Processing by HomeController#index as HTML
  Rendering home/index.html.erb within layouts/application
  Rendered home/index.html.erb within layouts/application (0.6ms)
Completed 200 OK in 5479ms (Views: 5440.5ms | ActiveRecord: 0.0ms)


Started GET "/" for 127.0.0.1 at 2018-07-08 11:48:28 +0900
Processing by HomeController#index as HTML
  Rendering home/index.html.erb within layouts/application
  Rendered home/index.html.erb within layouts/application (0.5ms)
Completed 200 OK in 147ms (Views: 129.1ms | ActiveRecord: 0.0ms)


Started GET "/" for 127.0.0.1 at 2018-07-08 11:49:02 +0900
Processing by HomeController#index as HTML
  Rendering home/index.html.erb within layouts/application
  Rendered home/index.html.erb within layouts/application (1.0ms)
Completed 200 OK in 5542ms (Views: 5514.6ms | ActiveRecord: 0.0ms)


Started GET "/" for 127.0.0.1 at 2018-07-08 11:51:18 +0900
Processing by HomeController#index as HTML
  Rendering home/index.html.erb within layouts/application
  Rendered home/index.html.erb within layouts/application (0.7ms)
Completed 200 OK in 5212ms (Views: 5197.8ms | ActiveRecord: 0.0ms)


Started GET "/" for 127.0.0.1 at 2018-07-08 11:51:24 +0900
Processing by HomeController#index as HTML
  Rendering home/index.html.erb within layouts/application
  Rendered home/index.html.erb within layouts/application (0.8ms)
Completed 200 OK in 193ms (Views: 172.6ms | ActiveRecord: 0.0ms)


Started GET "/" for 127.0.0.1 at 2018-07-08 11:51:30 +0900
Processing by HomeController#index as HTML
  Rendering home/index.html.erb within layouts/application
  Rendered home/index.html.erb within layouts/application (0.7ms)
Completed 200 OK in 211ms (Views: 193.5ms | ActiveRecord: 0.0ms)


Started GET "/" for 127.0.0.1 at 2018-07-08 11:52:03 +0900
Processing by HomeController#index as HTML
  Rendering home/index.html.erb within layouts/application
  Rendered home/index.html.erb within layouts/application (0.5ms)
Completed 200 OK in 5712ms (Views: 5683.7ms | ActiveRecord: 0.0ms)


Started GET "/" for 127.0.0.1 at 2018-07-08 11:52:26 +0900
Processing by HomeController#index as HTML
  Rendering home/index.html.erb within layouts/application
  Rendered home/index.html.erb within layouts/application (0.6ms)
Completed 200 OK in 5700ms (Views: 5661.3ms | ActiveRecord: 0.0ms)


Started GET "/" for 127.0.0.1 at 2018-07-08 11:53:40 +0900
Processing by HomeController#index as HTML
  Rendering home/index.html.erb within layouts/application
  Rendered home/index.html.erb within layouts/application (0.5ms)
Completed 200 OK in 187ms (Views: 161.0ms | ActiveRecord: 0.0ms)


Started GET "/" for 127.0.0.1 at 2018-07-08 11:55:41 +0900
Processing by HomeController#index as HTML
  Rendering home/index.html.erb within layouts/application
  Rendered home/index.html.erb within layouts/application (0.7ms)
Completed 200 OK in 131ms (Views: 119.5ms | ActiveRecord: 0.0ms)


Started GET "/" for 127.0.0.1 at 2018-07-08 11:56:13 +0900
Processing by HomeController#index as HTML
  Rendering home/index.html.erb within layouts/application
  Rendered home/index.html.erb within layouts/application (0.5ms)
Completed 200 OK in 136ms (Views: 105.8ms | ActiveRecord: 0.0ms)


Started GET "/" for 127.0.0.1 at 2018-07-08 11:58:55 +0900
Processing by HomeController#index as HTML
  Rendering home/index.html.erb within layouts/application
  Rendered home/index.html.erb within layouts/application (0.5ms)
Completed 200 OK in 157ms (Views: 141.6ms | ActiveRecord: 0.0ms)


Started GET "/" for 127.0.0.1 at 2018-07-08 12:03:37 +0900
Processing by HomeController#index as HTML
  Rendering home/index.html.erb within layouts/application
  Rendered home/index.html.erb within layouts/application (0.6ms)
Completed 200 OK in 5545ms (Views: 5530.5ms | ActiveRecord: 0.0ms)


Started GET "/" for 127.0.0.1 at 2018-07-08 12:05:18 +0900
Processing by HomeController#index as HTML
  Rendering home/index.html.erb within layouts/application
  Rendered home/index.html.erb within layouts/application (0.5ms)
Completed 200 OK in 142ms (Views: 124.9ms | ActiveRecord: 0.0ms)


Started GET "/" for 127.0.0.1 at 2018-07-08 12:06:04 +0900
Processing by HomeController#index as HTML
  Rendering home/index.html.erb within layouts/application
  Rendered home/index.html.erb within layouts/application (0.8ms)
Completed 200 OK in 5629ms (Views: 5596.3ms | ActiveRecord: 0.0ms)


Started GET "/" for 127.0.0.1 at 2018-07-08 12:06:31 +0900
Processing by HomeController#index as HTML
  Rendering home/index.html.erb within layouts/application
  Rendered home/index.html.erb within layouts/application (1.4ms)
Completed 200 OK in 5339ms (Views: 5308.1ms | ActiveRecord: 0.0ms)


Started GET "/" for 127.0.0.1 at 2018-07-08 12:06:38 +0900
Processing by HomeController#index as HTML
  Rendering home/index.html.erb within layouts/application
  Rendered home/index.html.erb within layouts/application (0.5ms)
Completed 200 OK in 143ms (Views: 124.6ms | ActiveRecord: 0.0ms)


Started GET "/" for 127.0.0.1 at 2018-07-08 12:06:47 +0900
Processing by HomeController#index as HTML
  Rendering home/index.html.erb within layouts/application
  Rendered home/index.html.erb within layouts/application (1.2ms)
Completed 200 OK in 160ms (Views: 143.8ms | ActiveRecord: 0.0ms)


Started GET "/" for 127.0.0.1 at 2018-07-08 12:06:59 +0900
Processing by HomeController#index as HTML
  Rendering home/index.html.erb within layouts/application
  Rendered home/index.html.erb within layouts/application (0.5ms)
Completed 200 OK in 5272ms (Views: 5234.3ms | ActiveRecord: 0.0ms)


Started GET "/" for 127.0.0.1 at 2018-07-08 12:07:14 +0900
Processing by HomeController#index as HTML
  Rendering home/index.html.erb within layouts/application
  Rendered home/index.html.erb within layouts/application (0.6ms)
Completed 200 OK in 5625ms (Views: 5588.6ms | ActiveRecord: 0.0ms)


Started GET "/" for 127.0.0.1 at 2018-07-08 12:07:32 +0900
Processing by HomeController#index as HTML
  Rendering home/index.html.erb within layouts/application
  Rendered home/index.html.erb within layouts/application (0.7ms)
Completed 200 OK in 5278ms (Views: 5260.5ms | ActiveRecord: 0.0ms)


Started GET "/" for 127.0.0.1 at 2018-07-08 12:07:55 +0900
Processing by HomeController#index as HTML
  Rendering home/index.html.erb within layouts/application
  Rendered home/index.html.erb within layouts/application (0.6ms)
Completed 200 OK in 191ms (Views: 149.8ms | ActiveRecord: 0.0ms)


Started GET "/" for 127.0.0.1 at 2018-07-08 12:08:27 +0900
Processing by HomeController#index as HTML
  Rendering home/index.html.erb within layouts/application
  Rendered home/index.html.erb within layouts/application (0.9ms)
Completed 200 OK in 5219ms (Views: 5184.1ms | ActiveRecord: 0.0ms)


Started GET "/" for 127.0.0.1 at 2018-07-08 12:08:57 +0900
Processing by HomeController#index as HTML
  Rendering home/index.html.erb within layouts/application
  Rendered home/index.html.erb within layouts/application (0.5ms)
Started GET "/" for 127.0.0.1 at 2018-07-08 12:09:00 +0900
Processing by HomeController#index as HTML
  Rendering home/index.html.erb within layouts/application
  Rendered home/index.html.erb within layouts/application (0.6ms)
Completed 200 OK in 5089ms (Views: 5052.2ms | ActiveRecord: 0.0ms)


Completed 200 OK in 5932ms (Views: 5920.3ms | ActiveRecord: 0.0ms)


Started GET "/" for 127.0.0.1 at 2018-07-08 12:09:23 +0900
Processing by HomeController#index as HTML
  Rendering home/index.html.erb within layouts/application
  Rendered home/index.html.erb within layouts/application (0.4ms)
Completed 200 OK in 5584ms (Views: 5568.5ms | ActiveRecord: 0.0ms)


Started GET "/" for 127.0.0.1 at 2018-07-08 12:11:03 +0900
Processing by HomeController#index as HTML
  Rendering home/index.html.erb within layouts/application
  Rendered home/index.html.erb within layouts/application (0.7ms)
Completed 200 OK in 138ms (Views: 122.8ms | ActiveRecord: 0.0ms)


Started GET "/" for 127.0.0.1 at 2018-07-08 12:13:36 +0900
Processing by HomeController#index as HTML
  Rendering home/index.html.erb within layouts/application
  Rendered home/index.html.erb within layouts/application (0.9ms)
Completed 200 OK in 152ms (Views: 138.9ms | ActiveRecord: 0.0ms)


Started GET "/" for 127.0.0.1 at 2018-07-08 12:14:43 +0900
Processing by HomeController#index as HTML
  Rendering home/index.html.erb within layouts/application
  Rendered home/index.html.erb within layouts/application (0.5ms)
Completed 200 OK in 146ms (Views: 133.5ms | ActiveRecord: 0.0ms)


Started GET "/" for 127.0.0.1 at 2018-07-08 12:15:25 +0900
Processing by HomeController#index as HTML
  Rendering home/index.html.erb within layouts/application
  Rendered home/index.html.erb within layouts/application (0.4ms)
Completed 200 OK in 157ms (Views: 131.3ms | ActiveRecord: 0.0ms)


Started GET "/" for 127.0.0.1 at 2018-07-08 12:16:51 +0900
Processing by HomeController#index as HTML
  Rendering home/index.html.erb within layouts/application
  Rendered home/index.html.erb within layouts/application (0.5ms)
Completed 200 OK in 134ms (Views: 118.1ms | ActiveRecord: 0.0ms)


Started GET "/" for 127.0.0.1 at 2018-07-08 12:16:54 +0900
Processing by HomeController#index as HTML
  Rendering home/index.html.erb within layouts/application
  Rendered home/index.html.erb within layouts/application (0.5ms)
Completed 200 OK in 144ms (Views: 131.9ms | ActiveRecord: 0.0ms)


Started GET "/" for 127.0.0.1 at 2018-07-08 12:16:57 +0900
Processing by HomeController#index as HTML
  Rendering home/index.html.erb within layouts/application
  Rendered home/index.html.erb within layouts/application (0.5ms)
Completed 200 OK in 172ms (Views: 152.4ms | ActiveRecord: 0.0ms)


Started GET "/" for 127.0.0.1 at 2018-07-08 12:17:39 +0900
Processing by HomeController#index as HTML
  Rendering home/index.html.erb within layouts/application
  Rendered home/index.html.erb within layouts/application (0.4ms)
Completed 200 OK in 143ms (Views: 113.7ms | ActiveRecord: 0.0ms)


Started GET "/" for 127.0.0.1 at 2018-07-08 12:18:26 +0900
Processing by HomeController#index as HTML
  Rendering home/index.html.erb within layouts/application
  Rendered home/index.html.erb within layouts/application (0.7ms)
Completed 200 OK in 5290ms (Views: 5255.4ms | ActiveRecord: 0.0ms)


Started GET "/" for 127.0.0.1 at 2018-07-08 12:18:46 +0900
Processing by HomeController#index as HTML
  Rendering home/index.html.erb within layouts/application
  Rendered home/index.html.erb within layouts/application (0.4ms)
Completed 200 OK in 139ms (Views: 124.2ms | ActiveRecord: 0.0ms)


Started GET "/" for 127.0.0.1 at 2018-07-08 12:18:56 +0900
Processing by HomeController#index as HTML
  Rendering home/index.html.erb within layouts/application
  Rendered home/index.html.erb within layouts/application (0.8ms)
Completed 200 OK in 5693ms (Views: 5654.7ms | ActiveRecord: 0.0ms)


Started GET "/" for 127.0.0.1 at 2018-07-08 12:19:09 +0900
Processing by HomeController#index as HTML
  Rendering home/index.html.erb within layouts/application
  Rendered home/index.html.erb within layouts/application (0.8ms)
Completed 200 OK in 5510ms (Views: 5481.2ms | ActiveRecord: 0.0ms)


Started GET "/" for 127.0.0.1 at 2018-07-08 12:19:29 +0900
Processing by HomeController#index as HTML
  Rendering home/index.html.erb within layouts/application
  Rendered home/index.html.erb within layouts/application (0.7ms)
Completed 200 OK in 165ms (Views: 142.2ms | ActiveRecord: 0.0ms)


Started GET "/" for 127.0.0.1 at 2018-07-08 12:19:40 +0900
Processing by HomeController#index as HTML
  Rendering home/index.html.erb within layouts/application
  Rendered home/index.html.erb within layouts/application (0.5ms)
Completed 200 OK in 170ms (Views: 149.5ms | ActiveRecord: 0.0ms)


Started GET "/" for 127.0.0.1 at 2018-07-08 12:20:15 +0900
Processing by HomeController#index as HTML
  Rendering home/index.html.erb within layouts/application
  Rendered home/index.html.erb within layouts/application (1.8ms)
Completed 200 OK in 261ms (Views: 224.3ms | ActiveRecord: 0.0ms)


Started GET "/" for 127.0.0.1 at 2018-07-08 12:20:36 +0900
Processing by HomeController#index as HTML
  Rendering home/index.html.erb within layouts/application
  Rendered home/index.html.erb within layouts/application (1.0ms)
Completed 200 OK in 198ms (Views: 176.2ms | ActiveRecord: 0.0ms)


Started GET "/" for 127.0.0.1 at 2018-07-08 12:20:52 +0900
Processing by HomeController#index as HTML
  Rendering home/index.html.erb within layouts/application
  Rendered home/index.html.erb within layouts/application (1.3ms)
Completed 200 OK in 190ms (Views: 155.6ms | ActiveRecord: 0.0ms)


Started GET "/" for 127.0.0.1 at 2018-07-08 12:20:59 +0900
Processing by HomeController#index as HTML
  Rendering home/index.html.erb within layouts/application
  Rendered home/index.html.erb within layouts/application (1.0ms)
Completed 200 OK in 218ms (Views: 184.1ms | ActiveRecord: 0.0ms)


Started GET "/" for 127.0.0.1 at 2018-07-08 12:21:14 +0900
Processing by HomeController#index as HTML
  Rendering home/index.html.erb within layouts/application
  Rendered home/index.html.erb within layouts/application (0.6ms)
Completed 200 OK in 159ms (Views: 143.2ms | ActiveRecord: 0.0ms)


Started GET "/" for 127.0.0.1 at 2018-07-08 12:21:34 +0900
Processing by HomeController#index as HTML
  Rendering home/index.html.erb within layouts/application
  Rendered home/index.html.erb within layouts/application (0.6ms)
Completed 200 OK in 212ms (Views: 178.0ms | ActiveRecord: 0.0ms)


Started GET "/" for 127.0.0.1 at 2018-07-08 12:21:57 +0900
Processing by HomeController#index as HTML
  Rendering home/index.html.erb within layouts/application
  Rendered home/index.html.erb within layouts/application (0.7ms)
Completed 200 OK in 143ms (Views: 125.7ms | ActiveRecord: 0.0ms)


Started GET "/" for 127.0.0.1 at 2018-07-08 12:22:07 +0900
Processing by HomeController#index as HTML
  Rendering home/index.html.erb within layouts/application
  Rendered home/index.html.erb within layouts/application (0.6ms)
Completed 200 OK in 222ms (Views: 184.2ms | ActiveRecord: 0.0ms)


Started GET "/" for 127.0.0.1 at 2018-07-08 12:22:29 +0900
Processing by HomeController#index as HTML
  Rendering home/index.html.erb within layouts/application
  Rendered home/index.html.erb within layouts/application (0.7ms)
Completed 200 OK in 5452ms (Views: 5416.2ms | ActiveRecord: 0.0ms)


Started GET "/" for 127.0.0.1 at 2018-07-08 12:24:42 +0900
Processing by HomeController#index as HTML
  Rendering home/index.html.erb within layouts/application
  Rendered home/index.html.erb within layouts/application (0.8ms)
Completed 200 OK in 124ms (Views: 112.7ms | ActiveRecord: 0.0ms)


Started GET "/" for 127.0.0.1 at 2018-07-08 12:25:02 +0900
Processing by HomeController#index as HTML
  Rendering home/index.html.erb within layouts/application
  Rendered home/index.html.erb within layouts/application (1.4ms)
Completed 200 OK in 310ms (Views: 270.1ms | ActiveRecord: 0.0ms)


Started GET "/" for 127.0.0.1 at 2018-07-08 12:25:20 +0900
Processing by HomeController#index as HTML
  Rendering home/index.html.erb within layouts/application
  Rendered home/index.html.erb within layouts/application (0.4ms)
Completed 200 OK in 154ms (Views: 140.4ms | ActiveRecord: 0.0ms)


Started GET "/" for 127.0.0.1 at 2018-07-08 12:25:32 +0900
Processing by HomeController#index as HTML
  Rendering home/index.html.erb within layouts/application
  Rendered home/index.html.erb within layouts/application (0.5ms)
Completed 200 OK in 135ms (Views: 118.6ms | ActiveRecord: 0.0ms)


Started GET "/" for 127.0.0.1 at 2018-07-08 12:26:19 +0900
Processing by HomeController#index as HTML
  Rendering home/index.html.erb within layouts/application
  Rendered home/index.html.erb within layouts/application (0.6ms)
Completed 200 OK in 191ms (Views: 154.3ms | ActiveRecord: 0.0ms)


Started GET "/" for 127.0.0.1 at 2018-07-08 12:26:25 +0900
Processing by HomeController#index as HTML
  Rendering home/index.html.erb within layouts/application
  Rendered home/index.html.erb within layouts/application (0.7ms)
Completed 200 OK in 5660ms (Views: 5622.1ms | ActiveRecord: 0.0ms)


Started GET "/" for 127.0.0.1 at 2018-07-08 12:26:41 +0900
Processing by HomeController#index as HTML
  Rendering home/index.html.erb within layouts/application
  Rendered home/index.html.erb within layouts/application (0.7ms)
Completed 200 OK in 5112ms (Views: 5094.2ms | ActiveRecord: 0.0ms)


Started GET "/" for 127.0.0.1 at 2018-07-08 12:27:07 +0900
Processing by HomeController#index as HTML
  Rendering home/index.html.erb within layouts/application
  Rendered home/index.html.erb within layouts/application (0.7ms)
Completed 200 OK in 164ms (Views: 151.8ms | ActiveRecord: 0.0ms)


Started GET "/" for 127.0.0.1 at 2018-07-08 12:27:25 +0900
Processing by HomeController#index as HTML
  Rendering home/index.html.erb within layouts/application
  Rendered home/index.html.erb within layouts/application (0.4ms)
Completed 200 OK in 157ms (Views: 144.1ms | ActiveRecord: 0.0ms)


Started GET "/" for 127.0.0.1 at 2018-07-08 12:27:29 +0900
Processing by HomeController#index as HTML
  Rendering home/index.html.erb within layouts/application
  Rendered home/index.html.erb within layouts/application (0.7ms)
Completed 200 OK in 158ms (Views: 132.2ms | ActiveRecord: 0.0ms)


Started GET "/" for 127.0.0.1 at 2018-07-08 12:27:35 +0900
Processing by HomeController#index as HTML
  Rendering home/index.html.erb within layouts/application
  Rendered home/index.html.erb within layouts/application (0.7ms)
Completed 200 OK in 179ms (Views: 150.4ms | ActiveRecord: 0.0ms)


Started GET "/" for 127.0.0.1 at 2018-07-08 12:27:56 +0900
Processing by HomeController#index as HTML
  Rendering home/index.html.erb within layouts/application
  Rendered home/index.html.erb within layouts/application (0.5ms)
Completed 200 OK in 132ms (Views: 121.1ms | ActiveRecord: 0.0ms)


Started GET "/" for 127.0.0.1 at 2018-07-08 12:28:46 +0900
Processing by HomeController#index as HTML
  Rendering home/index.html.erb within layouts/application
  Rendered home/index.html.erb within layouts/application (0.8ms)
Completed 200 OK in 5431ms (Views: 5398.9ms | ActiveRecord: 0.0ms)


Started GET "/" for 127.0.0.1 at 2018-07-08 12:31:35 +0900
Processing by HomeController#index as HTML
  Rendering home/index.html.erb within layouts/application
  Rendered home/index.html.erb within layouts/application (0.7ms)
Completed 200 OK in 5651ms (Views: 5631.8ms | ActiveRecord: 0.0ms)


Started GET "/" for 127.0.0.1 at 2018-07-08 12:32:04 +0900
Processing by HomeController#index as HTML
  Rendering home/index.html.erb within layouts/application
  Rendered home/index.html.erb within layouts/application (0.7ms)
Completed 200 OK in 154ms (Views: 122.8ms | ActiveRecord: 0.0ms)


Started GET "/" for 127.0.0.1 at 2018-07-08 12:32:50 +0900
Processing by HomeController#index as HTML
  Rendering home/index.html.erb within layouts/application
  Rendered home/index.html.erb within layouts/application (0.5ms)
Completed 200 OK in 149ms (Views: 130.9ms | ActiveRecord: 0.0ms)


Started GET "/" for 127.0.0.1 at 2018-07-08 12:38:22 +0900
Processing by HomeController#index as HTML
  Rendering home/index.html.erb within layouts/application
  Rendered home/index.html.erb within layouts/application (1.2ms)
Completed 200 OK in 5504ms (Views: 5488.0ms | ActiveRecord: 0.0ms)


Started GET "/" for 127.0.0.1 at 2018-07-08 12:38:42 +0900
Processing by HomeController#index as HTML
  Rendering home/index.html.erb within layouts/application
  Rendered home/index.html.erb within layouts/application (0.6ms)
Completed 200 OK in 137ms (Views: 121.0ms | ActiveRecord: 0.0ms)


Started GET "/" for 127.0.0.1 at 2018-07-08 12:39:02 +0900
Processing by HomeController#index as HTML
  Rendering home/index.html.erb within layouts/application
  Rendered home/index.html.erb within layouts/application (0.6ms)
Completed 200 OK in 166ms (Views: 147.0ms | ActiveRecord: 0.0ms)


Started GET "/" for 127.0.0.1 at 2018-07-08 12:39:20 +0900
Processing by HomeController#index as HTML
  Rendering home/index.html.erb within layouts/application
  Rendered home/index.html.erb within layouts/application (0.6ms)
Completed 200 OK in 201ms (Views: 169.9ms | ActiveRecord: 0.0ms)


Started GET "/" for 127.0.0.1 at 2018-07-08 12:39:48 +0900
Processing by HomeController#index as HTML
  Rendering home/index.html.erb within layouts/application
  Rendered home/index.html.erb within layouts/application (0.4ms)
Completed 200 OK in 5501ms (Views: 5489.0ms | ActiveRecord: 0.0ms)


Started GET "/" for 127.0.0.1 at 2018-07-08 12:40:00 +0900
Processing by HomeController#index as HTML
  Rendering home/index.html.erb within layouts/application
  Rendered home/index.html.erb within layouts/application (0.6ms)
Completed 200 OK in 5554ms (Views: 5538.3ms | ActiveRecord: 0.0ms)


Started GET "/" for 127.0.0.1 at 2018-07-08 12:40:51 +0900
Processing by HomeController#index as HTML
  Rendering home/index.html.erb within layouts/application
  Rendered home/index.html.erb within layouts/application (0.6ms)
Completed 200 OK in 136ms (Views: 122.4ms | ActiveRecord: 0.0ms)


Started GET "/" for 127.0.0.1 at 2018-07-08 12:41:49 +0900
Processing by HomeController#index as HTML
  Rendering home/index.html.erb within layouts/application
  Rendered home/index.html.erb within layouts/application (0.7ms)
Completed 200 OK in 166ms (Views: 146.9ms | ActiveRecord: 0.0ms)


Started GET "/" for 127.0.0.1 at 2018-07-08 12:41:53 +0900
Processing by HomeController#index as HTML
  Rendering home/index.html.erb within layouts/application
  Rendered home/index.html.erb within layouts/application (0.5ms)
Completed 200 OK in 131ms (Views: 114.6ms | ActiveRecord: 0.0ms)


Started GET "/" for 127.0.0.1 at 2018-07-08 12:42:39 +0900
Processing by HomeController#index as HTML
  Rendering home/index.html.erb within layouts/application
  Rendered home/index.html.erb within layouts/application (0.4ms)
Completed 200 OK in 142ms (Views: 113.4ms | ActiveRecord: 0.0ms)


Started GET "/" for 127.0.0.1 at 2018-07-08 12:42:55 +0900
Processing by HomeController#index as HTML
  Rendering home/index.html.erb within layouts/application
  Rendered home/index.html.erb within layouts/application (0.8ms)
Completed 200 OK in 240ms (Views: 212.7ms | ActiveRecord: 0.0ms)


Started GET "/" for 127.0.0.1 at 2018-07-08 12:43:19 +0900
Processing by HomeController#index as HTML
  Rendering home/index.html.erb within layouts/application
  Rendered home/index.html.erb within layouts/application (0.7ms)
Completed 200 OK in 142ms (Views: 115.6ms | ActiveRecord: 0.0ms)


Started GET "/" for 127.0.0.1 at 2018-07-08 12:44:13 +0900
Processing by HomeController#index as HTML
  Rendering home/index.html.erb within layouts/application
  Rendered home/index.html.erb within layouts/application (0.6ms)
Completed 200 OK in 153ms (Views: 124.4ms | ActiveRecord: 0.0ms)


Started GET "/" for 127.0.0.1 at 2018-07-08 12:44:19 +0900
Processing by HomeController#index as HTML
  Rendering home/index.html.erb within layouts/application
  Rendered home/index.html.erb within layouts/application (0.7ms)
Completed 200 OK in 211ms (Views: 174.1ms | ActiveRecord: 0.0ms)


Started GET "/" for 127.0.0.1 at 2018-07-08 12:45:00 +0900
Processing by HomeController#index as HTML
  Rendering home/index.html.erb within layouts/application
  Rendered home/index.html.erb within layouts/application (1.0ms)
Completed 200 OK in 194ms (Views: 170.9ms | ActiveRecord: 0.0ms)


Started GET "/" for 127.0.0.1 at 2018-07-08 12:45:36 +0900
Processing by HomeController#index as HTML
  Rendering home/index.html.erb within layouts/application
  Rendered home/index.html.erb within layouts/application (0.9ms)
Completed 200 OK in 230ms (Views: 195.6ms | ActiveRecord: 0.0ms)


Started GET "/" for 127.0.0.1 at 2018-07-08 12:45:49 +0900
Processing by HomeController#index as HTML
  Rendering home/index.html.erb within layouts/application
  Rendered home/index.html.erb within layouts/application (0.7ms)
Completed 200 OK in 229ms (Views: 194.9ms | ActiveRecord: 0.0ms)


Started GET "/" for 127.0.0.1 at 2018-07-08 12:46:40 +0900
Processing by HomeController#index as HTML
  Rendering home/index.html.erb within layouts/application
  Rendered home/index.html.erb within layouts/application (0.8ms)
Completed 200 OK in 176ms (Views: 165.6ms | ActiveRecord: 0.0ms)


Started GET "/" for 127.0.0.1 at 2018-07-08 12:47:19 +0900
Processing by HomeController#index as HTML
  Rendering home/index.html.erb within layouts/application
  Rendered home/index.html.erb within layouts/application (0.9ms)
Completed 200 OK in 240ms (Views: 194.5ms | ActiveRecord: 0.0ms)


Started GET "/" for 127.0.0.1 at 2018-07-08 12:47:42 +0900
Processing by HomeController#index as HTML
  Rendering home/index.html.erb within layouts/application
  Rendered home/index.html.erb within layouts/application (0.5ms)
Completed 200 OK in 138ms (Views: 125.0ms | ActiveRecord: 0.0ms)


Started GET "/" for 127.0.0.1 at 2018-07-08 12:48:41 +0900
Processing by HomeController#index as HTML
  Rendering home/index.html.erb within layouts/application
  Rendered home/index.html.erb within layouts/application (0.5ms)
Completed 200 OK in 143ms (Views: 111.0ms | ActiveRecord: 0.0ms)


Started GET "/" for 127.0.0.1 at 2018-07-08 12:49:43 +0900
Processing by HomeController#index as HTML
  Rendering home/index.html.erb within layouts/application
  Rendered home/index.html.erb within layouts/application (0.4ms)
Completed 200 OK in 130ms (Views: 102.1ms | ActiveRecord: 0.0ms)


Started GET "/" for 127.0.0.1 at 2018-07-08 12:49:56 +0900
Processing by HomeController#index as HTML
  Rendering home/index.html.erb within layouts/application
  Rendered home/index.html.erb within layouts/application (0.5ms)
Completed 200 OK in 187ms (Views: 153.5ms | ActiveRecord: 0.0ms)


Started GET "/" for 127.0.0.1 at 2018-07-08 12:50:09 +0900
Processing by HomeController#index as HTML
  Rendering home/index.html.erb within layouts/application
  Rendered home/index.html.erb within layouts/application (0.4ms)
Completed 200 OK in 128ms (Views: 112.9ms | ActiveRecord: 0.0ms)


Started GET "/" for 127.0.0.1 at 2018-07-08 12:50:25 +0900
Processing by HomeController#index as HTML
  Rendering home/index.html.erb within layouts/application
  Rendered home/index.html.erb within layouts/application (0.4ms)
Completed 200 OK in 129ms (Views: 111.5ms | ActiveRecord: 0.0ms)


Started GET "/" for 127.0.0.1 at 2018-07-08 12:55:14 +0900
Processing by HomeController#index as HTML
  Rendering home/index.html.erb within layouts/application
  Rendered home/index.html.erb within layouts/application (1.2ms)
Completed 200 OK in 5128ms (Views: 5106.6ms | ActiveRecord: 0.0ms)


Started GET "/" for 127.0.0.1 at 2018-07-08 12:55:36 +0900
Processing by HomeController#index as HTML
  Rendering home/index.html.erb within layouts/application
  Rendered home/index.html.erb within layouts/application (1.0ms)
Completed 200 OK in 5584ms (Views: 5561.5ms | ActiveRecord: 0.0ms)


Started GET "/" for 127.0.0.1 at 2018-07-08 12:56:55 +0900
Processing by HomeController#index as HTML
  Rendering home/index.html.erb within layouts/application
  Rendered home/index.html.erb within layouts/application (0.6ms)
Completed 200 OK in 166ms (Views: 136.2ms | ActiveRecord: 0.0ms)


Started GET "/" for 127.0.0.1 at 2018-07-08 13:03:18 +0900
Processing by HomeController#index as HTML
  Rendering home/index.html.erb within layouts/application
  Rendered home/index.html.erb within layouts/application (0.8ms)
Completed 200 OK in 5311ms (Views: 5284.6ms | ActiveRecord: 0.0ms)


Started GET "/" for 127.0.0.1 at 2018-07-08 13:04:37 +0900
Processing by HomeController#index as HTML
  Rendering home/index.html.erb within layouts/application
  Rendered home/index.html.erb within layouts/application (0.8ms)
Completed 200 OK in 5421ms (Views: 5383.4ms | ActiveRecord: 0.0ms)


Started GET "/" for 127.0.0.1 at 2018-07-08 13:05:21 +0900
Processing by HomeController#index as HTML
  Rendering home/index.html.erb within layouts/application
  Rendered home/index.html.erb within layouts/application (0.6ms)
Completed 200 OK in 5387ms (Views: 5355.8ms | ActiveRecord: 0.0ms)


Started GET "/" for 127.0.0.1 at 2018-07-08 13:07:46 +0900
Processing by HomeController#index as HTML
  Rendering home/index.html.erb within layouts/application
  Rendered home/index.html.erb within layouts/application (0.4ms)
Completed 200 OK in 124ms (Views: 110.3ms | ActiveRecord: 0.0ms)


Started GET "/" for 127.0.0.1 at 2018-07-08 13:08:34 +0900
Processing by HomeController#index as HTML
  Rendering home/index.html.erb within layouts/application
  Rendered home/index.html.erb within layouts/application (0.4ms)
Completed 200 OK in 5207ms (Views: 5196.6ms | ActiveRecord: 0.0ms)


Started GET "/" for 127.0.0.1 at 2018-07-08 13:09:02 +0900
Processing by HomeController#index as HTML
  Rendering home/index.html.erb within layouts/application
  Rendered home/index.html.erb within layouts/application (0.5ms)
Completed 200 OK in 4860ms (Views: 4829.8ms | ActiveRecord: 0.0ms)


Started GET "/" for 127.0.0.1 at 2018-07-08 13:09:40 +0900
Processing by HomeController#index as HTML
  Rendering home/index.html.erb within layouts/application
  Rendered home/index.html.erb within layouts/application (0.6ms)
Completed 200 OK in 5226ms (Views: 5198.1ms | ActiveRecord: 0.0ms)


Started GET "/" for 127.0.0.1 at 2018-07-08 13:09:59 +0900
Processing by HomeController#index as HTML
  Rendering home/index.html.erb within layouts/application
  Rendered home/index.html.erb within layouts/application (1.2ms)
Completed 200 OK in 5052ms (Views: 5008.0ms | ActiveRecord: 0.0ms)


Started GET "/" for 127.0.0.1 at 2018-07-08 13:10:09 +0900
Processing by HomeController#index as HTML
  Rendering home/index.html.erb within layouts/application
  Rendered home/index.html.erb within layouts/application (0.8ms)
Completed 200 OK in 193ms (Views: 161.5ms | ActiveRecord: 0.0ms)


Started GET "/" for 127.0.0.1 at 2018-07-08 13:10:11 +0900
Processing by HomeController#index as HTML
  Rendering home/index.html.erb within layouts/application
  Rendered home/index.html.erb within layouts/application (0.4ms)
Completed 200 OK in 135ms (Views: 120.5ms | ActiveRecord: 0.0ms)


Started GET "/" for 127.0.0.1 at 2018-07-08 13:10:26 +0900
Processing by HomeController#index as HTML
  Rendering home/index.html.erb within layouts/application
  Rendered home/index.html.erb within layouts/application (0.7ms)
Completed 200 OK in 5410ms (Views: 5392.1ms | ActiveRecord: 0.0ms)


Started GET "/" for 127.0.0.1 at 2018-07-08 13:10:53 +0900
Processing by HomeController#index as HTML
  Rendering home/index.html.erb within layouts/application
  Rendered home/index.html.erb within layouts/application (0.7ms)
Completed 200 OK in 5117ms (Views: 5091.7ms | ActiveRecord: 0.0ms)


Started GET "/" for 127.0.0.1 at 2018-07-08 13:11:06 +0900
Processing by HomeController#index as HTML
  Rendering home/index.html.erb within layouts/application
  Rendered home/index.html.erb within layouts/application (0.6ms)
Completed 200 OK in 5270ms (Views: 5249.9ms | ActiveRecord: 0.0ms)


Started GET "/" for 127.0.0.1 at 2018-07-08 13:11:13 +0900
Processing by HomeController#index as HTML
  Rendering home/index.html.erb within layouts/application
  Rendered home/index.html.erb within layouts/application (0.5ms)
Completed 200 OK in 8579ms (Views: 8531.5ms | ActiveRecord: 0.0ms)


Started GET "/" for 127.0.0.1 at 2018-07-08 13:12:00 +0900
Processing by HomeController#index as HTML
  Rendering home/index.html.erb within layouts/application
  Rendered home/index.html.erb within layouts/application (0.6ms)
Completed 200 OK in 217ms (Views: 202.5ms | ActiveRecord: 0.0ms)


Started GET "/" for 127.0.0.1 at 2018-07-08 13:12:15 +0900
Processing by HomeController#index as HTML
  Rendering home/index.html.erb within layouts/application
  Rendered home/index.html.erb within layouts/application (0.8ms)
Completed 200 OK in 5745ms (Views: 5713.2ms | ActiveRecord: 0.0ms)


Started GET "/" for 127.0.0.1 at 2018-07-08 13:12:27 +0900
Processing by HomeController#index as HTML
  Rendering home/index.html.erb within layouts/application
  Rendered home/index.html.erb within layouts/application (0.6ms)
Completed 200 OK in 5563ms (Views: 5544.3ms | ActiveRecord: 0.0ms)


Started GET "/" for 127.0.0.1 at 2018-07-08 13:12:53 +0900
Processing by HomeController#index as HTML
  Rendering home/index.html.erb within layouts/application
  Rendered home/index.html.erb within layouts/application (0.6ms)
Completed 200 OK in 184ms (Views: 154.1ms | ActiveRecord: 0.0ms)


Started GET "/" for 127.0.0.1 at 2018-07-08 13:13:41 +0900
Processing by HomeController#index as HTML
  Rendering home/index.html.erb within layouts/application
  Rendered home/index.html.erb within layouts/application (0.6ms)
Completed 200 OK in 5152ms (Views: 5130.1ms | ActiveRecord: 0.0ms)


Started GET "/" for 127.0.0.1 at 2018-07-08 13:14:35 +0900
Processing by HomeController#index as HTML
  Rendering home/index.html.erb within layouts/application
  Rendered home/index.html.erb within layouts/application (0.8ms)
Completed 200 OK in 5277ms (Views: 5257.1ms | ActiveRecord: 0.0ms)


Started GET "/" for 127.0.0.1 at 2018-07-08 13:15:03 +0900
Processing by HomeController#index as HTML
  Rendering home/index.html.erb within layouts/application
  Rendered home/index.html.erb within layouts/application (0.5ms)
Completed 200 OK in 5403ms (Views: 5376.7ms | ActiveRecord: 0.0ms)


Started GET "/" for 127.0.0.1 at 2018-07-08 13:15:22 +0900
Processing by HomeController#index as HTML
  Rendering home/index.html.erb within layouts/application
  Rendered home/index.html.erb within layouts/application (0.7ms)
Completed 200 OK in 5518ms (Views: 5476.3ms | ActiveRecord: 0.0ms)


Started GET "/" for 127.0.0.1 at 2018-07-08 13:16:29 +0900
Processing by HomeController#index as HTML
  Rendering home/index.html.erb within layouts/application
  Rendered home/index.html.erb within layouts/application (0.5ms)
Completed 200 OK in 149ms (Views: 124.6ms | ActiveRecord: 0.0ms)


Started GET "/" for 127.0.0.1 at 2018-07-08 13:17:01 +0900
Processing by HomeController#index as HTML
  Rendering home/index.html.erb within layouts/application
  Rendered home/index.html.erb within layouts/application (0.5ms)
Completed 200 OK in 5320ms (Views: 5302.7ms | ActiveRecord: 0.0ms)


Started GET "/" for 127.0.0.1 at 2018-07-08 13:17:36 +0900
Processing by HomeController#index as HTML
  Rendering home/index.html.erb within layouts/application
  Rendered home/index.html.erb within layouts/application (0.4ms)
Completed 200 OK in 130ms (Views: 111.4ms | ActiveRecord: 0.0ms)


Started GET "/" for 127.0.0.1 at 2018-07-08 13:18:44 +0900
Processing by HomeController#index as HTML
  Rendering home/index.html.erb within layouts/application
  Rendered home/index.html.erb within layouts/application (0.5ms)
Completed 200 OK in 5048ms (Views: 5029.3ms | ActiveRecord: 0.0ms)


Started GET "/" for 127.0.0.1 at 2018-07-08 13:19:01 +0900
Processing by HomeController#index as HTML
  Rendering home/index.html.erb within layouts/application
  Rendered home/index.html.erb within layouts/application (0.4ms)
Completed 200 OK in 162ms (Views: 146.2ms | ActiveRecord: 0.0ms)


Started GET "/" for 127.0.0.1 at 2018-07-08 13:20:12 +0900
Processing by HomeController#index as HTML
  Rendering home/index.html.erb within layouts/application
  Rendered home/index.html.erb within layouts/application (0.6ms)
Completed 200 OK in 5491ms (Views: 5474.6ms | ActiveRecord: 0.0ms)


Started GET "/" for 127.0.0.1 at 2018-07-08 13:20:56 +0900
Processing by HomeController#index as HTML
  Rendering home/index.html.erb within layouts/application
  Rendered home/index.html.erb within layouts/application (0.4ms)
Completed 200 OK in 5138ms (Views: 5126.6ms | ActiveRecord: 0.0ms)


Started GET "/" for 127.0.0.1 at 2018-07-08 13:21:32 +0900
Processing by HomeController#index as HTML
  Rendering home/index.html.erb within layouts/application
  Rendered home/index.html.erb within layouts/application (0.6ms)
Completed 200 OK in 4710ms (Views: 4689.5ms | ActiveRecord: 0.0ms)


Started GET "/" for 127.0.0.1 at 2018-07-08 13:22:52 +0900
Processing by HomeController#index as HTML
  Rendering home/index.html.erb within layouts/application
  Rendered home/index.html.erb within layouts/application (0.7ms)
Completed 200 OK in 170ms (Views: 146.0ms | ActiveRecord: 0.0ms)


Started GET "/" for 127.0.0.1 at 2018-07-08 13:23:45 +0900
Processing by HomeController#index as HTML
  Rendering home/index.html.erb within layouts/application
  Rendered home/index.html.erb within layouts/application (0.5ms)
Completed 200 OK in 145ms (Views: 116.0ms | ActiveRecord: 0.0ms)


Started GET "/" for 127.0.0.1 at 2018-07-08 13:25:39 +0900
Processing by HomeController#index as HTML
  Rendering home/index.html.erb within layouts/application
  Rendered home/index.html.erb within layouts/application (0.6ms)
Completed 200 OK in 143ms (Views: 113.6ms | ActiveRecord: 0.0ms)


Started GET "/" for 127.0.0.1 at 2018-07-08 13:26:06 +0900
Processing by HomeController#index as HTML
  Rendering home/index.html.erb within layouts/application
  Rendered home/index.html.erb within layouts/application (0.5ms)
Completed 200 OK in 204ms (Views: 172.9ms | ActiveRecord: 0.0ms)


Started GET "/" for 127.0.0.1 at 2018-07-08 13:26:26 +0900
Processing by HomeController#index as HTML
  Rendering home/index.html.erb within layouts/application
  Rendered home/index.html.erb within layouts/application (0.9ms)
Completed 200 OK in 192ms (Views: 152.6ms | ActiveRecord: 0.0ms)


Started GET "/" for 127.0.0.1 at 2018-07-08 13:26:48 +0900
Processing by HomeController#index as HTML
  Rendering home/index.html.erb within layouts/application
  Rendered home/index.html.erb within layouts/application (0.5ms)
Completed 200 OK in 176ms (Views: 139.4ms | ActiveRecord: 0.0ms)


Started GET "/" for 127.0.0.1 at 2018-07-08 13:27:10 +0900
Processing by HomeController#index as HTML
  Rendering home/index.html.erb within layouts/application
  Rendered home/index.html.erb within layouts/application (0.5ms)
Completed 200 OK in 4979ms (Views: 4965.8ms | ActiveRecord: 0.0ms)


Started GET "/" for 127.0.0.1 at 2018-07-08 13:28:00 +0900
Processing by HomeController#index as HTML
  Rendering home/index.html.erb within layouts/application
  Rendered home/index.html.erb within layouts/application (0.6ms)
Completed 200 OK in 5439ms (Views: 5426.3ms | ActiveRecord: 0.0ms)


Started GET "/" for 127.0.0.1 at 2018-07-08 13:28:49 +0900
Processing by HomeController#index as HTML
  Rendering home/index.html.erb within layouts/application
  Rendered home/index.html.erb within layouts/application (1.0ms)
Completed 200 OK in 216ms (Views: 174.8ms | ActiveRecord: 0.0ms)


Started GET "/" for 127.0.0.1 at 2018-07-08 13:29:02 +0900
Processing by HomeController#index as HTML
  Rendering home/index.html.erb within layouts/application
  Rendered home/index.html.erb within layouts/application (0.4ms)
Completed 200 OK in 146ms (Views: 128.2ms | ActiveRecord: 0.0ms)


Started GET "/" for 127.0.0.1 at 2018-07-08 13:29:52 +0900
Processing by HomeController#index as HTML
  Rendering home/index.html.erb within layouts/application
  Rendered home/index.html.erb within layouts/application (0.8ms)
Completed 200 OK in 209ms (Views: 187.7ms | ActiveRecord: 0.0ms)


Started GET "/" for 127.0.0.1 at 2018-07-08 13:30:02 +0900
Processing by HomeController#index as HTML
  Rendering home/index.html.erb within layouts/application
  Rendered home/index.html.erb within layouts/application (1.0ms)
Completed 200 OK in 218ms (Views: 184.1ms | ActiveRecord: 0.0ms)


Started GET "/" for 127.0.0.1 at 2018-07-08 13:30:07 +0900
Processing by HomeController#index as HTML
  Rendering home/index.html.erb within layouts/application
  Rendered home/index.html.erb within layouts/application (0.5ms)
Completed 200 OK in 173ms (Views: 151.7ms | ActiveRecord: 0.0ms)


Started GET "/" for 127.0.0.1 at 2018-07-08 13:30:13 +0900
Processing by HomeController#index as HTML
  Rendering home/index.html.erb within layouts/application
  Rendered home/index.html.erb within layouts/application (0.5ms)
Completed 200 OK in 143ms (Views: 122.1ms | ActiveRecord: 0.0ms)


Started GET "/" for 127.0.0.1 at 2018-07-08 13:30:45 +0900
Processing by HomeController#index as HTML
  Rendering home/index.html.erb within layouts/application
  Rendered home/index.html.erb within layouts/application (0.4ms)
Completed 200 OK in 145ms (Views: 116.4ms | ActiveRecord: 0.0ms)


Started GET "/" for 127.0.0.1 at 2018-07-08 13:31:46 +0900
Processing by HomeController#index as HTML
  Rendering home/index.html.erb within layouts/application
  Rendered home/index.html.erb within layouts/application (0.6ms)
Completed 200 OK in 130ms (Views: 112.2ms | ActiveRecord: 0.0ms)


Started GET "/" for 127.0.0.1 at 2018-07-08 13:31:59 +0900
Processing by HomeController#index as HTML
  Rendering home/index.html.erb within layouts/application
  Rendered home/index.html.erb within layouts/application (0.6ms)
Completed 200 OK in 227ms (Views: 186.5ms | ActiveRecord: 0.0ms)


Started GET "/" for 127.0.0.1 at 2018-07-08 13:32:09 +0900
Processing by HomeController#index as HTML
  Rendering home/index.html.erb within layouts/application
  Rendered home/index.html.erb within layouts/application (0.7ms)
Completed 200 OK in 182ms (Views: 161.9ms | ActiveRecord: 0.0ms)


Started GET "/" for 127.0.0.1 at 2018-07-08 13:32:27 +0900
Processing by HomeController#index as HTML
  Rendering home/index.html.erb within layouts/application
  Rendered home/index.html.erb within layouts/application (0.5ms)
Completed 200 OK in 143ms (Views: 127.1ms | ActiveRecord: 0.0ms)


Started GET "/" for 127.0.0.1 at 2018-07-08 13:33:04 +0900
Processing by HomeController#index as HTML
  Rendering home/index.html.erb within layouts/application
  Rendered home/index.html.erb within layouts/application (0.6ms)
Completed 200 OK in 5254ms (Views: 5225.7ms | ActiveRecord: 0.0ms)


Started GET "/" for 127.0.0.1 at 2018-07-08 13:33:59 +0900
Processing by HomeController#index as HTML
  Rendering home/index.html.erb within layouts/application
  Rendered home/index.html.erb within layouts/application (0.5ms)
Completed 200 OK in 145ms (Views: 119.7ms | ActiveRecord: 0.0ms)


Started GET "/" for 127.0.0.1 at 2018-07-08 13:34:36 +0900
Processing by HomeController#index as HTML
  Rendering home/index.html.erb within layouts/application
  Rendered home/index.html.erb within layouts/application (0.6ms)
Completed 200 OK in 127ms (Views: 112.1ms | ActiveRecord: 0.0ms)


Started GET "/" for 127.0.0.1 at 2018-07-08 13:34:55 +0900
Processing by HomeController#index as HTML
  Rendering home/index.html.erb within layouts/application
  Rendered home/index.html.erb within layouts/application (0.6ms)
Completed 200 OK in 196ms (Views: 160.6ms | ActiveRecord: 0.0ms)


Started GET "/" for 127.0.0.1 at 2018-07-08 13:35:34 +0900
Processing by HomeController#index as HTML
  Rendering home/index.html.erb within layouts/application
  Rendered home/index.html.erb within layouts/application (0.6ms)
Completed 200 OK in 5130ms (Views: 5117.5ms | ActiveRecord: 0.0ms)


Started GET "/" for 127.0.0.1 at 2018-07-08 13:35:46 +0900
Processing by HomeController#index as HTML
  Rendering home/index.html.erb within layouts/application
  Rendered home/index.html.erb within layouts/application (0.9ms)
Completed 200 OK in 5578ms (Views: 5544.1ms | ActiveRecord: 0.0ms)


Started GET "/" for 127.0.0.1 at 2018-07-08 13:36:01 +0900
Processing by HomeController#index as HTML
  Rendering home/index.html.erb within layouts/application
  Rendered home/index.html.erb within layouts/application (0.5ms)
Completed 200 OK in 5732ms (Views: 5700.0ms | ActiveRecord: 0.0ms)


Started GET "/" for 127.0.0.1 at 2018-07-08 13:36:20 +0900
Processing by HomeController#index as HTML
  Rendering home/index.html.erb within layouts/application
  Rendered home/index.html.erb within layouts/application (0.9ms)
Completed 200 OK in 5043ms (Views: 5023.8ms | ActiveRecord: 0.0ms)


Started GET "/" for 127.0.0.1 at 2018-07-08 13:36:45 +0900
Processing by HomeController#index as HTML
  Rendering home/index.html.erb within layouts/application
  Rendered home/index.html.erb within layouts/application (2.1ms)
Completed 200 OK in 5782ms (Views: 5744.2ms | ActiveRecord: 0.0ms)


Started GET "/" for 127.0.0.1 at 2018-07-08 13:37:30 +0900
Processing by HomeController#index as HTML
  Rendering home/index.html.erb within layouts/application
  Rendered home/index.html.erb within layouts/application (0.7ms)
Completed 200 OK in 5573ms (Views: 5562.4ms | ActiveRecord: 0.0ms)


Started GET "/" for 127.0.0.1 at 2018-07-08 13:38:11 +0900
Processing by HomeController#index as HTML
  Rendering home/index.html.erb within layouts/application
  Rendered home/index.html.erb within layouts/application (0.8ms)
Completed 200 OK in 168ms (Views: 148.0ms | ActiveRecord: 0.0ms)


Started GET "/" for 127.0.0.1 at 2018-07-08 13:39:15 +0900
Processing by HomeController#index as HTML
  Rendering home/index.html.erb within layouts/application
  Rendered home/index.html.erb within layouts/application (1.2ms)
Completed 200 OK in 238ms (Views: 200.4ms | ActiveRecord: 0.0ms)


Started GET "/" for 127.0.0.1 at 2018-07-08 13:39:18 +0900
Processing by HomeController#index as HTML
  Rendering home/index.html.erb within layouts/application
  Rendered home/index.html.erb within layouts/application (0.6ms)
Completed 200 OK in 145ms (Views: 128.3ms | ActiveRecord: 0.0ms)


Started GET "/" for 127.0.0.1 at 2018-07-08 13:40:06 +0900
Processing by HomeController#index as HTML
  Rendering home/index.html.erb within layouts/application
  Rendered home/index.html.erb within layouts/application (0.6ms)
Completed 200 OK in 140ms (Views: 124.8ms | ActiveRecord: 0.0ms)


Started GET "/" for 127.0.0.1 at 2018-07-08 13:40:26 +0900
Processing by HomeController#index as HTML
  Rendering home/index.html.erb within layouts/application
  Rendered home/index.html.erb within layouts/application (0.9ms)
Completed 200 OK in 166ms (Views: 131.8ms | ActiveRecord: 0.0ms)


Started GET "/" for 127.0.0.1 at 2018-07-08 13:40:49 +0900
Processing by HomeController#index as HTML
  Rendering home/index.html.erb within layouts/application
  Rendered home/index.html.erb within layouts/application (0.4ms)
Completed 200 OK in 168ms (Views: 130.9ms | ActiveRecord: 0.0ms)


Started GET "/" for 127.0.0.1 at 2018-07-08 13:41:07 +0900
Processing by HomeController#index as HTML
  Rendering home/index.html.erb within layouts/application
  Rendered home/index.html.erb within layouts/application (0.7ms)
Completed 200 OK in 198ms (Views: 176.8ms | ActiveRecord: 0.0ms)


Started GET "/" for 127.0.0.1 at 2018-07-08 13:41:24 +0900
Processing by HomeController#index as HTML
  Rendering home/index.html.erb within layouts/application
  Rendered home/index.html.erb within layouts/application (1.0ms)
Completed 200 OK in 4999ms (Views: 4963.8ms | ActiveRecord: 0.0ms)


Started GET "/" for 127.0.0.1 at 2018-07-08 13:44:46 +0900
Processing by HomeController#index as HTML
  Rendering home/index.html.erb within layouts/application
  Rendered home/index.html.erb within layouts/application (0.7ms)
Completed 200 OK in 139ms (Views: 118.0ms | ActiveRecord: 0.0ms)


Started GET "/" for 127.0.0.1 at 2018-07-08 13:45:14 +0900
Processing by HomeController#index as HTML
  Rendering home/index.html.erb within layouts/application
  Rendered home/index.html.erb within layouts/application (0.9ms)
Completed 200 OK in 146ms (Views: 130.7ms | ActiveRecord: 0.0ms)


Started GET "/" for 127.0.0.1 at 2018-07-08 13:49:02 +0900
Processing by HomeController#index as HTML
  Rendering home/index.html.erb within layouts/application
  Rendered home/index.html.erb within layouts/application (0.6ms)
Completed 200 OK in 5540ms (Views: 5513.3ms | ActiveRecord: 0.0ms)


Started GET "/" for 127.0.0.1 at 2018-07-08 13:49:47 +0900
Processing by HomeController#index as HTML
  Rendering home/index.html.erb within layouts/application
  Rendered home/index.html.erb within layouts/application (0.5ms)
Completed 200 OK in 5818ms (Views: 5791.6ms | ActiveRecord: 0.0ms)


Started GET "/" for 127.0.0.1 at 2018-07-08 13:50:26 +0900
Processing by HomeController#index as HTML
  Rendering home/index.html.erb within layouts/application
  Rendered home/index.html.erb within layouts/application (1.2ms)
Completed 200 OK in 5271ms (Views: 5236.4ms | ActiveRecord: 0.0ms)


Started GET "/" for 127.0.0.1 at 2018-07-08 13:50:45 +0900
Processing by HomeController#index as HTML
  Rendering home/index.html.erb within layouts/application
  Rendered home/index.html.erb within layouts/application (0.6ms)
Completed 200 OK in 5072ms (Views: 5057.9ms | ActiveRecord: 0.0ms)


Started GET "/" for 127.0.0.1 at 2018-07-08 13:51:44 +0900
Processing by HomeController#index as HTML
  Rendering home/index.html.erb within layouts/application
  Rendered home/index.html.erb within layouts/application (0.6ms)
Completed 200 OK in 5217ms (Views: 5200.1ms | ActiveRecord: 0.0ms)


Started GET "/" for 127.0.0.1 at 2018-07-08 13:52:08 +0900
Processing by HomeController#index as HTML
  Rendering home/index.html.erb within layouts/application
  Rendered home/index.html.erb within layouts/application (0.7ms)
Completed 200 OK in 5690ms (Views: 5651.8ms | ActiveRecord: 0.0ms)


Started GET "/" for 127.0.0.1 at 2018-07-08 13:52:33 +0900
Processing by HomeController#index as HTML
  Rendering home/index.html.erb within layouts/application
  Rendered home/index.html.erb within layouts/application (0.6ms)
Completed 200 OK in 135ms (Views: 115.6ms | ActiveRecord: 0.0ms)


Started GET "/" for 127.0.0.1 at 2018-07-08 13:52:56 +0900
Processing by HomeController#index as HTML
  Rendering home/index.html.erb within layouts/application
  Rendered home/index.html.erb within layouts/application (0.8ms)
Completed 200 OK in 155ms (Views: 125.7ms | ActiveRecord: 0.0ms)


Started GET "/" for 127.0.0.1 at 2018-07-08 13:53:43 +0900
Processing by HomeController#index as HTML
  Rendering home/index.html.erb within layouts/application
  Rendered home/index.html.erb within layouts/application (0.6ms)
Completed 200 OK in 5210ms (Views: 5184.3ms | ActiveRecord: 0.0ms)


Started GET "/" for 127.0.0.1 at 2018-07-08 13:54:09 +0900
Processing by HomeController#index as HTML
  Rendering home/index.html.erb within layouts/application
  Rendered home/index.html.erb within layouts/application (0.9ms)
Completed 200 OK in 150ms (Views: 125.7ms | ActiveRecord: 0.0ms)


Started GET "/" for 127.0.0.1 at 2018-07-08 13:56:18 +0900
Processing by HomeController#index as HTML
  Rendering home/index.html.erb within layouts/application
  Rendered home/index.html.erb within layouts/application (0.4ms)
Completed 200 OK in 5728ms (Views: 5716.8ms | ActiveRecord: 0.0ms)


Started GET "/" for 127.0.0.1 at 2018-07-08 13:57:42 +0900
Processing by HomeController#index as HTML
  Rendering home/index.html.erb within layouts/application
  Rendered home/index.html.erb within layouts/application (0.6ms)
Completed 200 OK in 5573ms (Views: 5559.2ms | ActiveRecord: 0.0ms)


Started GET "/" for 127.0.0.1 at 2018-07-08 13:58:30 +0900
Processing by HomeController#index as HTML
  Rendering home/index.html.erb within layouts/application
  Rendered home/index.html.erb within layouts/application (0.8ms)
Completed 200 OK in 5459ms (Views: 5442.8ms | ActiveRecord: 0.0ms)


Started GET "/" for 127.0.0.1 at 2018-07-08 14:00:43 +0900
Processing by HomeController#index as HTML
  Rendering home/index.html.erb within layouts/application
  Rendered home/index.html.erb within layouts/application (0.7ms)
Completed 200 OK in 5533ms (Views: 5511.0ms | ActiveRecord: 0.0ms)


Started GET "/" for 127.0.0.1 at 2018-07-08 14:00:56 +0900
Processing by HomeController#index as HTML
  Rendering home/index.html.erb within layouts/application
  Rendered home/index.html.erb within layouts/application (0.6ms)
Completed 200 OK in 207ms (Views: 167.2ms | ActiveRecord: 0.0ms)


Started GET "/" for 127.0.0.1 at 2018-07-08 14:01:15 +0900
Processing by HomeController#index as HTML
  Rendering home/index.html.erb within layouts/application
  Rendered home/index.html.erb within layouts/application (0.7ms)
Completed 200 OK in 155ms (Views: 136.7ms | ActiveRecord: 0.0ms)


Started GET "/" for 127.0.0.1 at 2018-07-08 14:01:19 +0900
Processing by HomeController#index as HTML
  Rendering home/index.html.erb within layouts/application
  Rendered home/index.html.erb within layouts/application (0.6ms)
Completed 200 OK in 142ms (Views: 119.4ms | ActiveRecord: 0.0ms)


Started GET "/" for 127.0.0.1 at 2018-07-08 14:01:24 +0900
Processing by HomeController#index as HTML
  Rendering home/index.html.erb within layouts/application
  Rendered home/index.html.erb within layouts/application (0.8ms)
Completed 200 OK in 187ms (Views: 158.3ms | ActiveRecord: 0.0ms)


Started GET "/" for 127.0.0.1 at 2018-07-08 14:01:43 +0900
Processing by HomeController#index as HTML
  Rendering home/index.html.erb within layouts/application
  Rendered home/index.html.erb within layouts/application (0.5ms)
Completed 200 OK in 130ms (Views: 114.1ms | ActiveRecord: 0.0ms)


Started GET "/" for 127.0.0.1 at 2018-07-08 14:01:50 +0900
Processing by HomeController#index as HTML
  Rendering home/index.html.erb within layouts/application
  Rendered home/index.html.erb within layouts/application (0.6ms)
Completed 200 OK in 132ms (Views: 118.3ms | ActiveRecord: 0.0ms)


Started GET "/" for 127.0.0.1 at 2018-07-08 14:02:09 +0900
Processing by HomeController#index as HTML
  Rendering home/index.html.erb within layouts/application
  Rendered home/index.html.erb within layouts/application (0.5ms)
Completed 200 OK in 5112ms (Views: 5095.3ms | ActiveRecord: 0.0ms)


Started GET "/" for 127.0.0.1 at 2018-07-08 14:04:36 +0900
Processing by HomeController#index as HTML
  Rendering home/index.html.erb within layouts/application
  Rendered home/index.html.erb within layouts/application (0.6ms)
Completed 200 OK in 142ms (Views: 128.3ms | ActiveRecord: 0.0ms)


Started GET "/" for 127.0.0.1 at 2018-07-08 14:04:57 +0900
Processing by HomeController#index as HTML
  Rendering home/index.html.erb within layouts/application
  Rendered home/index.html.erb within layouts/application (0.5ms)
Completed 200 OK in 151ms (Views: 133.7ms | ActiveRecord: 0.0ms)


Started GET "/" for 127.0.0.1 at 2018-07-08 14:05:34 +0900
Processing by HomeController#index as HTML
  Rendering home/index.html.erb within layouts/application
  Rendered home/index.html.erb within layouts/application (0.4ms)
Completed 200 OK in 5480ms (Views: 5459.9ms | ActiveRecord: 0.0ms)


Started GET "/" for 127.0.0.1 at 2018-07-08 14:05:59 +0900
Processing by HomeController#index as HTML
  Rendering home/index.html.erb within layouts/application
  Rendered home/index.html.erb within layouts/application (0.7ms)
Completed 200 OK in 5067ms (Views: 5026.7ms | ActiveRecord: 0.0ms)


Started GET "/" for 127.0.0.1 at 2018-07-08 14:07:05 +0900
Processing by HomeController#index as HTML
  Rendering home/index.html.erb within layouts/application
  Rendered home/index.html.erb within layouts/application (0.8ms)
Completed 200 OK in 5220ms (Views: 5184.7ms | ActiveRecord: 0.0ms)


Started GET "/" for 127.0.0.1 at 2018-07-08 14:08:11 +0900
Processing by HomeController#index as HTML
  Rendering home/index.html.erb within layouts/application
  Rendered home/index.html.erb within layouts/application (0.5ms)
Completed 200 OK in 5349ms (Views: 5314.8ms | ActiveRecord: 0.0ms)


Started GET "/" for 127.0.0.1 at 2018-07-08 14:09:51 +0900
Processing by HomeController#index as HTML
  Rendering home/index.html.erb within layouts/application
  Rendered home/index.html.erb within layouts/application (0.7ms)
Completed 200 OK in 4954ms (Views: 4940.2ms | ActiveRecord: 0.0ms)


Started GET "/" for 127.0.0.1 at 2018-07-08 14:10:42 +0900
Processing by HomeController#index as HTML
  Rendering home/index.html.erb within layouts/application
  Rendered home/index.html.erb within layouts/application (1.0ms)
Completed 200 OK in 5306ms (Views: 5284.4ms | ActiveRecord: 0.0ms)


Started GET "/" for 127.0.0.1 at 2018-07-08 14:16:36 +0900
Processing by HomeController#index as HTML
  Rendering home/index.html.erb within layouts/application
  Rendered home/index.html.erb within layouts/application (0.7ms)
Completed 200 OK in 212ms (Views: 165.6ms | ActiveRecord: 0.0ms)


Started GET "/" for 127.0.0.1 at 2018-07-08 14:17:16 +0900
Processing by HomeController#index as HTML
  Rendering home/index.html.erb within layouts/application
  Rendered home/index.html.erb within layouts/application (0.8ms)
Completed 200 OK in 162ms (Views: 149.7ms | ActiveRecord: 0.0ms)


Started GET "/" for 127.0.0.1 at 2018-07-08 14:22:00 +0900
Processing by HomeController#index as HTML
  Rendering home/index.html.erb within layouts/application
  Rendered home/index.html.erb within layouts/application (0.6ms)
Started GET "/" for 127.0.0.1 at 2018-07-08 14:22:03 +0900
Processing by HomeController#index as HTML
  Rendering home/index.html.erb within layouts/application
  Rendered home/index.html.erb within layouts/application (0.7ms)
Completed 200 OK in 6342ms (Views: 6328.4ms | ActiveRecord: 0.0ms)


Completed 200 OK in 5843ms (Views: 5826.5ms | ActiveRecord: 0.0ms)


Started GET "/" for 127.0.0.1 at 2018-07-08 14:22:22 +0900
Processing by HomeController#index as HTML
  Rendering home/index.html.erb within layouts/application
  Rendered home/index.html.erb within layouts/application (0.5ms)
Completed 200 OK in 5205ms (Views: 5191.3ms | ActiveRecord: 0.0ms)


Started GET "/" for 127.0.0.1 at 2018-07-08 14:22:43 +0900
Processing by HomeController#index as HTML
  Rendering home/index.html.erb within layouts/application
  Rendered home/index.html.erb within layouts/application (0.5ms)
Completed 200 OK in 197ms (Views: 164.8ms | ActiveRecord: 0.0ms)


Started GET "/" for 127.0.0.1 at 2018-07-08 14:23:02 +0900
Processing by HomeController#index as HTML
  Rendering home/index.html.erb within layouts/application
  Rendered home/index.html.erb within layouts/application (0.5ms)
Completed 200 OK in 5376ms (Views: 5361.6ms | ActiveRecord: 0.0ms)


Started GET "/" for 127.0.0.1 at 2018-07-08 14:24:17 +0900
Processing by HomeController#index as HTML
  Rendering home/index.html.erb within layouts/application
  Rendered home/index.html.erb within layouts/application (0.7ms)
Completed 200 OK in 125ms (Views: 114.8ms | ActiveRecord: 0.0ms)


Started GET "/" for 127.0.0.1 at 2018-07-08 14:24:29 +0900
Processing by HomeController#index as HTML
  Rendering home/index.html.erb within layouts/application
  Rendered home/index.html.erb within layouts/application (0.9ms)
Completed 200 OK in 5610ms (Views: 5569.5ms | ActiveRecord: 0.0ms)


Started GET "/" for 127.0.0.1 at 2018-07-08 14:24:41 +0900
Processing by HomeController#index as HTML
  Rendering home/index.html.erb within layouts/application
  Rendered home/index.html.erb within layouts/application (0.7ms)
Completed 200 OK in 184ms (Views: 166.3ms | ActiveRecord: 0.0ms)


Started GET "/" for 127.0.0.1 at 2018-07-08 14:25:06 +0900
Processing by HomeController#index as HTML
  Rendering home/index.html.erb within layouts/application
  Rendered home/index.html.erb within layouts/application (0.5ms)
Completed 200 OK in 5160ms (Views: 5136.9ms | ActiveRecord: 0.0ms)


Started GET "/" for 127.0.0.1 at 2018-07-08 14:30:04 +0900
Processing by HomeController#index as HTML
  Rendering home/index.html.erb within layouts/application
  Rendered home/index.html.erb within layouts/application (0.8ms)
Completed 200 OK in 142ms (Views: 123.9ms | ActiveRecord: 0.0ms)


